<?xml version="1.0" encoding="UTF-8"?>
<!-- Generated by org.testng.reporters.JUnitReportReporter -->
<testsuite skipped="0" hostname="DESKTOP-K2T1BHT" name="Maven.MavenPractice.LoginPageTest" tests="2" failures="0" timestamp="2020-12-12T07:00:20 EST" time="72.545" errors="0">
  <testcase name="testcase1" time="37.105" classname="Maven.MavenPractice.LoginPageTest"/>
  <system-out/>
  <testcase name="testcase2" time="35.440" classname="Maven.MavenPractice.LoginPageTest"/>
  <system-out/>
</testsuite> <!-- Maven.MavenPractice.LoginPageTest -->
